0 info it worked if it ends with ok
1 verbose cli [ '/Users/ian/.nvm/versions/node/v6.7.0/bin/node',
1 verbose cli   '/Users/ian/.nvm/versions/node/v6.7.0/bin/npm',
1 verbose cli   'publish' ]
2 info using npm@3.10.3
3 info using node@v6.7.0
4 verbose publish [ '.' ]
5 silly cache add args [ '.', null ]
6 verbose cache add spec .
7 silly cache add parsed spec Result {
7 silly cache add   raw: '.',
7 silly cache add   scope: null,
7 silly cache add   escapedName: null,
7 silly cache add   name: null,
7 silly cache add   rawSpec: '.',
7 silly cache add   spec: '/Users/ian/Development/chat-engine-typing-indicator',
7 silly cache add   type: 'directory' }
8 verbose addLocalDirectory /Users/ian/.npm/chat-engine-typing-indicator/0.0.6/package.tgz not in flight; packing
9 verbose correctMkdir /Users/ian/.npm correctMkdir not in flight; initializing
10 info lifecycle chat-engine-typing-indicator@0.0.6~prepublish: chat-engine-typing-indicator@0.0.6
11 silly lifecycle chat-engine-typing-indicator@0.0.6~prepublish: no script for prepublish, continuing
12 verbose tar pack [ '/Users/ian/.npm/chat-engine-typing-indicator/0.0.6/package.tgz',
12 verbose tar pack   '/Users/ian/Development/chat-engine-typing-indicator' ]
13 verbose tarball /Users/ian/.npm/chat-engine-typing-indicator/0.0.6/package.tgz
14 verbose folder /Users/ian/Development/chat-engine-typing-indicator
15 verbose addLocalTarball adding from inside cache /Users/ian/.npm/chat-engine-typing-indicator/0.0.6/package.tgz
16 verbose correctMkdir /Users/ian/.npm correctMkdir not in flight; initializing
17 silly cache afterAdd chat-engine-typing-indicator@0.0.6
18 verbose afterAdd /Users/ian/.npm/chat-engine-typing-indicator/0.0.6/package/package.json not in flight; writing
19 verbose correctMkdir /Users/ian/.npm correctMkdir not in flight; initializing
20 verbose afterAdd /Users/ian/.npm/chat-engine-typing-indicator/0.0.6/package/package.json written
21 silly publish { author: { name: 'Ian Jennings' },
21 silly publish   name: 'chat-engine-typing-indicator',
21 silly publish   version: '0.0.6',
21 silly publish   main: 'src/plugin.js',
21 silly publish   'open-chat-framework': { namespace: 'typing-indicator' },
21 silly publish   dependencies: { 'chat-engine': '0.2.x' },
21 silly publish   readme: '# Typing Indicator Plugin\n\nAdds the ability to show "Ian Jennings is typing..." to a chatroom easily.\n',
21 silly publish   readmeFilename: 'README.md',
21 silly publish   gitHead: '9727390c51e1b0a5a3f52ff7e7953ccd971e320a',
21 silly publish   description: 'Adds the ability to show "Ian Jennings is typing..." to a chatroom easily.',
21 silly publish   _id: 'chat-engine-typing-indicator@0.0.6',
21 silly publish   scripts: {},
21 silly publish   _shasum: '07de9fa4ea3cb669fc1c420ca242f1ebb656fa2c',
21 silly publish   _from: '.' }
22 verbose getPublishConfig undefined
23 silly mapToRegistry name chat-engine-typing-indicator
24 silly mapToRegistry using default registry
25 silly mapToRegistry registry https://registry.npmjs.org/
26 silly mapToRegistry data Result {
26 silly mapToRegistry   raw: 'chat-engine-typing-indicator',
26 silly mapToRegistry   scope: null,
26 silly mapToRegistry   escapedName: 'chat-engine-typing-indicator',
26 silly mapToRegistry   name: 'chat-engine-typing-indicator',
26 silly mapToRegistry   rawSpec: '',
26 silly mapToRegistry   spec: 'latest',
26 silly mapToRegistry   type: 'tag' }
27 silly mapToRegistry uri https://registry.npmjs.org/chat-engine-typing-indicator
28 verbose publish registryBase https://registry.npmjs.org/
29 silly publish uploading /Users/ian/.npm/chat-engine-typing-indicator/0.0.6/package.tgz
30 verbose request uri https://registry.npmjs.org/chat-engine-typing-indicator
31 verbose request sending authorization for write operation
32 info attempt registry request try #1 at 2:36:58 PM
33 verbose request using bearer token for auth
34 verbose request id 09a31a980e2228be
35 http request PUT https://registry.npmjs.org/chat-engine-typing-indicator
36 http 403 https://registry.npmjs.org/chat-engine-typing-indicator
37 verbose headers { 'content-type': 'application/json',
37 verbose headers   'cache-control': 'max-age=300',
37 verbose headers   'content-length': '95',
37 verbose headers   'accept-ranges': 'bytes',
37 verbose headers   date: 'Thu, 08 Jun 2017 19:36:59 GMT',
37 verbose headers   via: '1.1 varnish',
37 verbose headers   connection: 'keep-alive',
37 verbose headers   'x-served-by': 'cache-dfw1824-DFW',
37 verbose headers   'x-cache': 'MISS',
37 verbose headers   'x-cache-hits': '0',
37 verbose headers   'x-timer': 'S1496950619.510114,VS0,VE639',
37 verbose headers   vary: 'Accept-Encoding' }
38 verbose request invalidating /Users/ian/.npm/registry.npmjs.org/chat-engine-typing-indicator on PUT
39 error publish Failed PUT 403
40 verbose stack Error: "You cannot publish over the previously published version 0.0.6." : chat-engine-typing-indicator
40 verbose stack     at makeError (/Users/ian/.nvm/versions/node/v6.7.0/lib/node_modules/npm/node_modules/npm-registry-client/lib/request.js:264:12)
40 verbose stack     at CachingRegistryClient.<anonymous> (/Users/ian/.nvm/versions/node/v6.7.0/lib/node_modules/npm/node_modules/npm-registry-client/lib/request.js:252:14)
40 verbose stack     at Request._callback (/Users/ian/.nvm/versions/node/v6.7.0/lib/node_modules/npm/node_modules/npm-registry-client/lib/request.js:172:14)
40 verbose stack     at Request.self.callback (/Users/ian/.nvm/versions/node/v6.7.0/lib/node_modules/npm/node_modules/request/request.js:200:22)
40 verbose stack     at emitTwo (events.js:106:13)
40 verbose stack     at Request.emit (events.js:191:7)
40 verbose stack     at Request.<anonymous> (/Users/ian/.nvm/versions/node/v6.7.0/lib/node_modules/npm/node_modules/request/request.js:1067:10)
40 verbose stack     at emitOne (events.js:101:20)
40 verbose stack     at Request.emit (events.js:188:7)
40 verbose stack     at IncomingMessage.<anonymous> (/Users/ian/.nvm/versions/node/v6.7.0/lib/node_modules/npm/node_modules/request/request.js:988:12)
41 verbose statusCode 403
42 verbose pkgid chat-engine-typing-indicator
43 verbose cwd /Users/ian/Development/chat-engine-typing-indicator
44 error Darwin 15.6.0
45 error argv "/Users/ian/.nvm/versions/node/v6.7.0/bin/node" "/Users/ian/.nvm/versions/node/v6.7.0/bin/npm" "publish"
46 error node v6.7.0
47 error npm  v3.10.3
48 error code E403
49 error "You cannot publish over the previously published version 0.0.6." : chat-engine-typing-indicator
50 error If you need help, you may report this error at:
50 error     <https://github.com/npm/npm/issues>
51 verbose exit [ 1, true ]
